mode: set
be/delivery/controllers/auth/auth.go:16.42,20.2 1 1
be/delivery/controllers/auth/auth.go:22.52,23.36 1 1
be/delivery/controllers/auth/auth.go:23.36,26.97 2 1
be/delivery/controllers/auth/auth.go:29.3,31.17 2 1
be/delivery/controllers/auth/auth.go:34.3,36.17 2 1
be/delivery/controllers/auth/auth.go:40.3,43.6 1 1
be/delivery/controllers/auth/auth.go:26.97,28.4 1 1
be/delivery/controllers/auth/auth.go:31.17,33.4 1 1
be/delivery/controllers/auth/auth.go:36.17,38.4 1 1
be/delivery/controllers/cart/cart.go:19.42,23.2 1 0
be/delivery/controllers/cart/cart.go:25.53,26.36 1 0
be/delivery/controllers/cart/cart.go:26.36,30.42 3 0
be/delivery/controllers/cart/cart.go:34.3,36.17 2 0
be/delivery/controllers/cart/cart.go:41.3,41.100 1 0
be/delivery/controllers/cart/cart.go:30.42,32.4 1 0
be/delivery/controllers/cart/cart.go:36.17,39.4 1 0
be/delivery/controllers/cart/cart.go:46.57,47.36 1 0
be/delivery/controllers/cart/cart.go:47.36,52.17 4 0
be/delivery/controllers/cart/cart.go:56.3,56.93 1 0
be/delivery/controllers/cart/cart.go:52.17,54.4 1 0
be/delivery/controllers/cart/cart.go:61.57,62.36 1 0
be/delivery/controllers/cart/cart.go:62.36,67.42 4 0
be/delivery/controllers/cart/cart.go:70.3,74.17 5 0
be/delivery/controllers/cart/cart.go:79.3,79.105 1 0
be/delivery/controllers/cart/cart.go:67.42,69.4 1 0
be/delivery/controllers/cart/cart.go:74.17,77.4 2 0
be/delivery/controllers/cart/cart.go:83.53,84.36 1 0
be/delivery/controllers/cart/cart.go:84.36,91.17 4 0
be/delivery/controllers/cart/cart.go:95.3,95.94 1 0
be/delivery/controllers/cart/cart.go:91.17,93.4 1 0
be/delivery/controllers/order/order.go:18.45,22.2 1 0
be/delivery/controllers/order/order.go:24.54,25.36 1 0
be/delivery/controllers/order/order.go:25.36,30.40 3 0
be/delivery/controllers/order/order.go:34.3,36.17 2 0
be/delivery/controllers/order/order.go:40.3,40.108 1 0
be/delivery/controllers/order/order.go:30.40,32.4 1 0
be/delivery/controllers/order/order.go:36.17,38.4 1 0
be/delivery/controllers/order/order.go:44.58,45.36 1 0
be/delivery/controllers/order/order.go:45.36,50.17 3 0
be/delivery/controllers/order/order.go:54.3,54.104 1 0
be/delivery/controllers/order/order.go:50.17,52.4 1 0
be/delivery/controllers/order/order.go:58.54,59.36 1 0
be/delivery/controllers/order/order.go:59.36,65.17 4 0
be/delivery/controllers/order/order.go:69.3,69.101 1 0
be/delivery/controllers/order/order.go:65.17,67.4 1 0
be/delivery/controllers/order/order.go:73.54,74.36 1 0
be/delivery/controllers/order/order.go:74.36,79.40 3 0
be/delivery/controllers/order/order.go:83.3,85.17 2 0
be/delivery/controllers/order/order.go:89.3,89.104 1 0
be/delivery/controllers/order/order.go:79.40,81.4 1 0
be/delivery/controllers/order/order.go:85.17,87.4 1 0
be/delivery/controllers/paymethod/paymentMethod.go:19.69,23.2 1 0
be/delivery/controllers/paymethod/paymentMethod.go:25.62,26.36 1 0
be/delivery/controllers/paymethod/paymentMethod.go:26.36,29.33 2 0
be/delivery/controllers/paymethod/paymentMethod.go:33.3,35.60 2 0
be/delivery/controllers/paymethod/paymentMethod.go:40.3,42.17 2 0
be/delivery/controllers/paymethod/paymentMethod.go:46.3,46.117 1 0
be/delivery/controllers/paymethod/paymentMethod.go:29.33,31.4 1 0
be/delivery/controllers/paymethod/paymentMethod.go:35.60,38.4 2 0
be/delivery/controllers/paymethod/paymentMethod.go:42.17,44.4 1 0
be/delivery/controllers/paymethod/paymentMethod.go:50.66,51.36 1 0
be/delivery/controllers/paymethod/paymentMethod.go:51.36,54.33 3 0
be/delivery/controllers/paymethod/paymentMethod.go:58.3,60.60 2 0
be/delivery/controllers/paymethod/paymentMethod.go:65.3,67.17 2 0
be/delivery/controllers/paymethod/paymentMethod.go:71.3,71.113 1 0
be/delivery/controllers/paymethod/paymentMethod.go:54.33,56.4 1 0
be/delivery/controllers/paymethod/paymentMethod.go:60.60,63.4 2 0
be/delivery/controllers/paymethod/paymentMethod.go:67.17,69.4 1 0
be/delivery/controllers/paymethod/paymentMethod.go:75.66,76.36 1 0
be/delivery/controllers/paymethod/paymentMethod.go:76.36,79.33 3 0
be/delivery/controllers/paymethod/paymentMethod.go:84.3,86.17 2 0
be/delivery/controllers/paymethod/paymentMethod.go:90.3,90.113 1 0
be/delivery/controllers/paymethod/paymentMethod.go:79.33,81.4 1 0
be/delivery/controllers/paymethod/paymentMethod.go:86.17,88.4 1 0
be/delivery/controllers/paymethod/paymentMethod.go:94.62,95.36 1 0
be/delivery/controllers/paymethod/paymentMethod.go:95.36,97.33 2 0
be/delivery/controllers/paymethod/paymentMethod.go:102.3,104.17 2 0
be/delivery/controllers/paymethod/paymentMethod.go:108.3,108.114 1 0
be/delivery/controllers/paymethod/paymentMethod.go:97.33,99.4 1 0
be/delivery/controllers/paymethod/paymentMethod.go:104.17,106.4 1 0
be/delivery/controllers/prodType/prodType.go:19.57,23.2 1 1
be/delivery/controllers/prodType/prodType.go:25.57,26.36 1 1
be/delivery/controllers/prodType/prodType.go:26.36,30.33 3 1
be/delivery/controllers/prodType/prodType.go:34.3,36.66 2 1
be/delivery/controllers/prodType/prodType.go:41.3,43.17 2 1
be/delivery/controllers/prodType/prodType.go:47.3,47.221 1 1
be/delivery/controllers/prodType/prodType.go:30.33,32.4 1 0
be/delivery/controllers/prodType/prodType.go:36.66,39.4 2 1
be/delivery/controllers/prodType/prodType.go:43.17,45.4 1 1
be/delivery/controllers/prodType/prodType.go:51.54,53.36 1 1
be/delivery/controllers/prodType/prodType.go:53.36,57.33 3 1
be/delivery/controllers/prodType/prodType.go:61.3,63.43 2 1
be/delivery/controllers/prodType/prodType.go:67.3,69.17 2 1
be/delivery/controllers/prodType/prodType.go:73.3,73.219 1 1
be/delivery/controllers/prodType/prodType.go:57.33,59.4 1 0
be/delivery/controllers/prodType/prodType.go:63.43,65.4 1 1
be/delivery/controllers/prodType/prodType.go:69.17,71.4 1 1
be/delivery/controllers/prodType/prodType.go:78.57,79.36 1 1
be/delivery/controllers/prodType/prodType.go:79.36,83.33 3 1
be/delivery/controllers/prodType/prodType.go:87.3,89.17 2 1
be/delivery/controllers/prodType/prodType.go:93.3,93.91 1 1
be/delivery/controllers/prodType/prodType.go:83.33,85.4 1 0
be/delivery/controllers/prodType/prodType.go:89.17,91.4 1 1
be/delivery/controllers/prodType/prodType.go:97.57,98.36 1 1
be/delivery/controllers/prodType/prodType.go:98.36,101.33 2 1
be/delivery/controllers/prodType/prodType.go:105.3,107.17 2 1
be/delivery/controllers/prodType/prodType.go:111.3,111.91 1 1
be/delivery/controllers/prodType/prodType.go:101.33,103.4 1 0
be/delivery/controllers/prodType/prodType.go:107.17,109.4 1 1
be/delivery/controllers/product/product.go:19.48,23.2 1 1
be/delivery/controllers/product/product.go:25.53,26.36 1 1
be/delivery/controllers/product/product.go:26.36,30.42 3 1
be/delivery/controllers/product/product.go:36.3,39.17 4 1
be/delivery/controllers/product/product.go:43.3,43.298 1 1
be/delivery/controllers/product/product.go:30.42,34.4 1 1
be/delivery/controllers/product/product.go:39.17,41.4 1 1
be/delivery/controllers/product/product.go:47.57,48.36 1 1
be/delivery/controllers/product/product.go:48.36,53.42 4 1
be/delivery/controllers/product/product.go:57.3,59.17 2 1
be/delivery/controllers/product/product.go:63.3,63.296 1 1
be/delivery/controllers/product/product.go:53.42,55.4 1 1
be/delivery/controllers/product/product.go:59.17,61.4 1 1
be/delivery/controllers/product/product.go:67.57,68.36 1 1
be/delivery/controllers/product/product.go:68.36,74.17 4 1
be/delivery/controllers/product/product.go:78.3,78.96 1 1
be/delivery/controllers/product/product.go:74.17,76.4 1 1
be/delivery/controllers/product/product.go:82.55,83.36 1 1
be/delivery/controllers/product/product.go:83.36,88.17 3 1
be/delivery/controllers/product/product.go:92.3,92.100 1 1
be/delivery/controllers/product/product.go:88.17,90.4 1 1
be/delivery/controllers/product/product.go:96.56,97.36 1 1
be/delivery/controllers/product/product.go:97.36,103.17 4 1
be/delivery/controllers/product/product.go:107.3,107.96 1 1
be/delivery/controllers/product/product.go:103.17,105.4 1 1
be/delivery/controllers/product/product.go:111.53,112.36 1 1
be/delivery/controllers/product/product.go:112.36,116.17 2 1
be/delivery/controllers/product/product.go:120.3,120.97 1 1
be/delivery/controllers/product/product.go:116.17,118.4 1 1
be/delivery/controllers/product/product.go:124.54,125.36 1 1
be/delivery/controllers/product/product.go:125.36,130.17 3 1
be/delivery/controllers/product/product.go:134.3,134.93 1 1
be/delivery/controllers/product/product.go:130.17,132.4 1 1
be/delivery/controllers/user/user.go:17.42,21.2 1 1
be/delivery/controllers/user/user.go:23.53,24.36 1 1
be/delivery/controllers/user/user.go:24.36,26.91 2 1
be/delivery/controllers/user/user.go:29.3,31.17 2 1
be/delivery/controllers/user/user.go:35.3,35.224 1 1
be/delivery/controllers/user/user.go:26.91,28.4 1 1
be/delivery/controllers/user/user.go:31.17,33.4 1 1
be/delivery/controllers/user/user.go:39.53,40.36 1 1
be/delivery/controllers/user/user.go:40.36,45.47 3 1
be/delivery/controllers/user/user.go:49.3,49.94 1 1
be/delivery/controllers/user/user.go:45.47,47.4 1 1
be/lib/database/auth/auth.go:14.31,18.2 1 1
be/lib/database/auth/auth.go:20.77,22.144 2 1
be/lib/database/auth/auth.go:26.2,26.18 1 1
be/lib/database/auth/auth.go:22.144,24.3 1 1
be/lib/database/cart/cart.go:16.31,20.2 1 1
be/lib/database/cart/cart.go:22.89,27.47 4 1
be/lib/database/cart/cart.go:31.2,31.25 1 1
be/lib/database/cart/cart.go:27.47,29.3 1 1
be/lib/database/cart/cart.go:34.102,38.53 3 1
be/lib/database/cart/cart.go:42.2,42.25 1 1
be/lib/database/cart/cart.go:38.53,40.3 1 0
be/lib/database/cart/cart.go:45.87,51.22 5 1
be/lib/database/cart/cart.go:55.2,55.27 1 1
be/lib/database/cart/cart.go:63.2,66.15 3 1
be/lib/database/cart/cart.go:71.2,72.50 2 1
be/lib/database/cart/cart.go:77.2,77.173 1 1
be/lib/database/cart/cart.go:81.2,83.108 2 1
be/lib/database/cart/cart.go:88.2,88.155 1 1
be/lib/database/cart/cart.go:93.2,93.128 1 1
be/lib/database/cart/cart.go:98.2,98.36 1 1
be/lib/database/cart/cart.go:51.22,53.3 1 0
be/lib/database/cart/cart.go:55.27,58.18 3 1
be/lib/database/cart/cart.go:61.3,61.19 1 1
be/lib/database/cart/cart.go:58.18,60.4 1 0
be/lib/database/cart/cart.go:66.15,67.31 1 1
be/lib/database/cart/cart.go:67.31,69.4 1 0
be/lib/database/cart/cart.go:72.50,75.3 2 0
be/lib/database/cart/cart.go:77.173,80.3 2 0
be/lib/database/cart/cart.go:83.108,86.3 2 0
be/lib/database/cart/cart.go:88.155,91.3 2 0
be/lib/database/cart/cart.go:93.128,96.3 2 0
be/lib/database/cart/cart.go:101.96,105.64 4 1
be/lib/database/cart/cart.go:109.2,110.17 2 1
be/lib/database/cart/cart.go:114.2,114.18 1 1
be/lib/database/cart/cart.go:105.64,107.3 1 0
be/lib/database/cart/cart.go:110.17,112.3 1 0
be/lib/database/cart/cart.go:117.80,121.15 2 1
be/lib/database/cart/cart.go:127.2,127.33 1 1
be/lib/database/cart/cart.go:131.2,133.174 2 1
be/lib/database/cart/cart.go:138.2,138.181 1 1
be/lib/database/cart/cart.go:143.2,145.108 2 1
be/lib/database/cart/cart.go:150.2,150.156 1 1
be/lib/database/cart/cart.go:155.2,155.128 1 1
be/lib/database/cart/cart.go:160.2,160.37 1 1
be/lib/database/cart/cart.go:121.15,122.31 1 1
be/lib/database/cart/cart.go:122.31,124.4 1 0
be/lib/database/cart/cart.go:127.33,129.3 1 0
be/lib/database/cart/cart.go:133.174,136.3 2 0
be/lib/database/cart/cart.go:138.181,141.3 2 1
be/lib/database/cart/cart.go:145.108,148.3 2 0
be/lib/database/cart/cart.go:150.156,153.3 2 0
be/lib/database/cart/cart.go:155.128,158.3 2 0
be/lib/database/cart/cart.go:163.78,167.64 3 1
be/lib/database/cart/cart.go:171.2,171.18 1 1
be/lib/database/cart/cart.go:167.64,169.3 1 1
be/lib/database/cart/cart.go:175.110,179.15 2 1
be/lib/database/cart/cart.go:185.2,185.33 1 1
be/lib/database/cart/cart.go:188.2,191.172 3 1
be/lib/database/cart/cart.go:195.2,199.174 3 1
be/lib/database/cart/cart.go:204.2,204.181 1 1
be/lib/database/cart/cart.go:209.2,209.139 1 1
be/lib/database/cart/cart.go:214.2,216.174 2 1
be/lib/database/cart/cart.go:220.2,221.218 2 1
be/lib/database/cart/cart.go:225.2,226.183 2 1
be/lib/database/cart/cart.go:230.2,233.108 3 1
be/lib/database/cart/cart.go:238.2,238.166 1 1
be/lib/database/cart/cart.go:243.2,243.128 1 1
be/lib/database/cart/cart.go:248.2,248.37 1 1
be/lib/database/cart/cart.go:179.15,180.31 1 1
be/lib/database/cart/cart.go:180.31,182.4 1 0
be/lib/database/cart/cart.go:185.33,187.3 1 0
be/lib/database/cart/cart.go:191.172,194.3 2 0
be/lib/database/cart/cart.go:199.174,202.3 2 0
be/lib/database/cart/cart.go:204.181,207.3 2 0
be/lib/database/cart/cart.go:209.139,212.3 2 0
be/lib/database/cart/cart.go:216.174,219.3 2 0
be/lib/database/cart/cart.go:221.218,224.3 2 0
be/lib/database/cart/cart.go:226.183,229.3 2 0
be/lib/database/cart/cart.go:233.108,236.3 2 0
be/lib/database/cart/cart.go:238.166,241.3 2 0
be/lib/database/cart/cart.go:243.128,246.3 2 0
be/lib/database/cart/cart.go:251.120,256.72 3 1
be/lib/database/cart/cart.go:263.2,264.43 2 1
be/lib/database/cart/cart.go:267.2,267.18 1 1
be/lib/database/cart/cart.go:256.72,258.3 1 0
be/lib/database/cart/cart.go:264.43,266.3 1 0
be/lib/database/order/order.go:15.32,19.2 1 1
be/lib/database/order/order.go:21.86,24.54 2 1
be/lib/database/order/order.go:27.2,27.22 1 1
be/lib/database/order/order.go:24.54,26.3 1 1
be/lib/database/order/order.go:30.69,35.27 3 1
be/lib/database/order/order.go:39.2,39.29 1 1
be/lib/database/order/order.go:35.27,37.3 1 1
be/lib/database/order/order.go:42.84,47.27 3 1
be/lib/database/order/order.go:51.2,55.34 3 1
be/lib/database/order/order.go:59.2,61.23 2 1
be/lib/database/order/order.go:47.27,49.3 1 1
be/lib/database/order/order.go:55.34,57.3 1 0
be/lib/database/order/order.go:64.91,70.27 3 1
be/lib/database/order/order.go:74.2,74.17 1 1
be/lib/database/order/order.go:70.27,72.3 1 0
be/lib/database/paymethod/paymentMethod.go:15.40,19.2 1 1
be/lib/database/paymethod/paymentMethod.go:21.90,22.48 1 1
be/lib/database/paymethod/paymentMethod.go:25.2,25.16 1 1
be/lib/database/paymethod/paymentMethod.go:22.48,24.3 1 1
be/lib/database/paymethod/paymentMethod.go:28.115,33.27 3 1
be/lib/database/paymethod/paymentMethod.go:37.2,37.16 1 1
be/lib/database/paymethod/paymentMethod.go:33.27,35.3 1 1
be/lib/database/paymethod/paymentMethod.go:40.71,45.27 3 1
be/lib/database/paymethod/paymentMethod.go:49.2,49.26 1 1
be/lib/database/paymethod/paymentMethod.go:45.27,47.3 1 1
be/lib/database/paymethod/paymentMethod.go:52.80,57.27 3 1
be/lib/database/paymethod/paymentMethod.go:61.2,61.23 1 1
be/lib/database/paymethod/paymentMethod.go:57.27,59.3 1 1
be/lib/database/prodType/prodType.go:15.38,19.2 1 1
be/lib/database/prodType/prodType.go:21.89,22.53 1 1
be/lib/database/prodType/prodType.go:26.2,26.21 1 1
be/lib/database/prodType/prodType.go:22.53,24.3 1 1
be/lib/database/prodType/prodType.go:29.109,35.27 3 1
be/lib/database/prodType/prodType.go:39.2,39.17 1 1
be/lib/database/prodType/prodType.go:35.27,37.3 1 1
be/lib/database/prodType/prodType.go:42.69,48.27 3 1
be/lib/database/prodType/prodType.go:52.2,52.27 1 1
be/lib/database/prodType/prodType.go:48.27,50.3 1 1
be/lib/database/prodType/prodType.go:55.76,60.27 3 1
be/lib/database/prodType/prodType.go:64.2,64.24 1 1
be/lib/database/prodType/prodType.go:60.27,62.3 1 1
be/lib/database/product/product.go:15.34,19.2 1 1
be/lib/database/product/product.go:21.90,23.52 2 1
be/lib/database/product/product.go:26.2,26.20 1 1
be/lib/database/product/product.go:23.52,25.3 1 1
be/lib/database/product/product.go:29.111,34.27 3 1
be/lib/database/product/product.go:38.2,38.17 1 1
be/lib/database/product/product.go:34.27,36.3 1 1
be/lib/database/product/product.go:41.79,46.27 3 1
be/lib/database/product/product.go:50.2,50.27 1 1
be/lib/database/product/product.go:46.27,48.3 1 1
be/lib/database/product/product.go:53.82,58.27 3 1
be/lib/database/product/product.go:61.2,61.17 1 1
be/lib/database/product/product.go:58.27,60.3 1 1
be/lib/database/product/product.go:64.89,69.22 3 1
be/lib/database/product/product.go:72.2,72.17 1 1
be/lib/database/product/product.go:69.22,71.3 1 1
be/lib/database/product/product.go:75.68,80.27 3 1
be/lib/database/product/product.go:83.2,83.17 1 1
be/lib/database/product/product.go:80.27,82.3 1 1
be/lib/database/product/product.go:86.73,91.22 3 1
be/lib/database/product/product.go:94.2,94.17 1 1
be/lib/database/product/product.go:91.22,93.3 1 1
be/lib/database/product/product.go:97.100,102.27 3 0
be/lib/database/product/product.go:106.2,106.17 1 0
be/lib/database/product/product.go:102.27,104.3 1 0
be/lib/database/user/user.go:15.31,19.2 1 1
be/lib/database/user/user.go:21.65,22.50 1 1
be/lib/database/user/user.go:25.2,25.18 1 1
be/lib/database/user/user.go:22.50,24.3 1 1
be/lib/database/user/user.go:28.56,33.27 3 1
be/lib/database/user/user.go:36.2,36.18 1 1
be/lib/database/user/user.go:33.27,35.3 1 1
be/lib/database/user/user.go:39.89,45.27 3 1
be/lib/database/user/user.go:49.2,49.18 1 1
be/lib/database/user/user.go:45.27,47.3 1 1
be/lib/database/user/user.go:52.62,56.27 3 1
be/lib/database/user/user.go:60.2,60.28 1 1
be/lib/database/user/user.go:56.27,58.3 1 1
be/lib/database/user/user.go:63.62,67.27 3 1
be/lib/database/user/user.go:71.2,71.25 1 1
be/lib/database/user/user.go:67.27,69.3 1 1
